<?xml version="1.0" encoding="UTF-8"?>
<!-- Generated by org.testng.reporters.JUnitReportReporter -->
<testsuite hostname="DESKTOP-CNNK3AU" failures="0" tests="1" name="com.equipo5.carina.demo.HelloWorld" time="0.045" errors="0" timestamp="2023-09-10T17:25:37 ART" skipped="0">
  <testcase classname="com.equipo5.carina.demo.HelloWorld" name="helloWorld" time="0.045"/>
  <system-out/>
</testsuite> <!-- com.equipo5.carina.demo.HelloWorld -->
